app/build/intermediates/manifest_merge_blame_file/release/manifest-merger-blame-release-report.txt
1<?xml version="1.0" encoding="utf-8"?>
2<manifest xmlns:android="http://schemas.android.com/apk/res/android"
3    package="com.example.bluetoothtrackpad"
4    android:versionCode="1"
5    android:versionName="1.0" >
6
7    <uses-sdk
8        android:minSdkVersion="28"
9        android:targetSdkVersion="34" />
10
11    <!-- Declare that the app uses Bluetooth hardware -->
12    <uses-feature
12-->src/main/AndroidManifest.xml:6:5-86
13        android:name="android.hardware.bluetooth"
13-->src/main/AndroidManifest.xml:6:19-60
14        android:required="true" />
14-->src/main/AndroidManifest.xml:6:61-84
15
16    <!--
17      Permissions required for Bluetooth functionality.
18      - BLUETOOTH_CONNECT: Needed to connect to paired devices and use HID profile. (For Android 12+)
19      - BLUETOOTH_ADVERTISE: Needed to make the device discoverable. (For Android 12+)
20      - BLUETOOTH and BLUETOOTH_ADMIN: Required for older Android versions.
21    -->
22    <uses-permission
22-->src/main/AndroidManifest.xml:14:5-95
23        android:name="android.permission.BLUETOOTH"
23-->src/main/AndroidManifest.xml:14:22-65
24        android:maxSdkVersion="30" />
24-->src/main/AndroidManifest.xml:14:66-92
25    <uses-permission
25-->src/main/AndroidManifest.xml:15:5-101
26        android:name="android.permission.BLUETOOTH_ADMIN"
26-->src/main/AndroidManifest.xml:15:22-71
27        android:maxSdkVersion="30" />
27-->src/main/AndroidManifest.xml:15:72-98
28
29    <!-- For Android 12 (API 31) and above -->
30    <uses-permission android:name="android.permission.BLUETOOTH_CONNECT" />
30-->src/main/AndroidManifest.xml:18:5-76
30-->src/main/AndroidManifest.xml:18:22-73
31    <uses-permission android:name="android.permission.BLUETOOTH_ADVERTISE" />
31-->src/main/AndroidManifest.xml:19:5-78
31-->src/main/AndroidManifest.xml:19:22-75
32    <uses-permission android:name="android.permission.FOREGROUND_SERVICE" />
32-->src/main/AndroidManifest.xml:20:5-77
32-->src/main/AndroidManifest.xml:20:22-74
33    <uses-permission android:name="android.permission.FOREGROUND_SERVICE_CONNECTED_DEVICE" />
33-->src/main/AndroidManifest.xml:21:5-94
33-->src/main/AndroidManifest.xml:21:22-91
34    <uses-permission android:name="android.permission.POST_NOTIFICATIONS" />
34-->src/main/AndroidManifest.xml:22:5-77
34-->src/main/AndroidManifest.xml:22:22-74
35
36    <permission
36-->[androidx.core:core:1.13.1] AndroidManifest.xml:22:5-24:47
37        android:name="com.example.bluetoothtrackpad.DYNAMIC_RECEIVER_NOT_EXPORTED_PERMISSION"
37-->[androidx.core:core:1.13.1] AndroidManifest.xml:23:9-81
38        android:protectionLevel="signature" />
38-->[androidx.core:core:1.13.1] AndroidManifest.xml:24:9-44
39
40    <uses-permission android:name="com.example.bluetoothtrackpad.DYNAMIC_RECEIVER_NOT_EXPORTED_PERMISSION" />
40-->[androidx.core:core:1.13.1] AndroidManifest.xml:26:5-97
40-->[androidx.core:core:1.13.1] AndroidManifest.xml:26:22-94
41
42    <application
42-->src/main/AndroidManifest.xml:25:5-46:19
43        android:allowBackup="true"
43-->src/main/AndroidManifest.xml:26:9-35
44        android:appComponentFactory="androidx.core.app.CoreComponentFactory"
44-->[androidx.core:core:1.13.1] AndroidManifest.xml:28:18-86
45        android:dataExtractionRules="@xml/data_extraction_rules"
45-->src/main/AndroidManifest.xml:27:9-65
46        android:extractNativeLibs="false"
47        android:fullBackupContent="@xml/backup_rules"
47-->src/main/AndroidManifest.xml:28:9-54
48        android:label="@string/app_name"
48-->src/main/AndroidManifest.xml:29:9-41
49        android:supportsRtl="true"
49-->src/main/AndroidManifest.xml:30:9-35
50        android:theme="@style/Theme.BluetoothTrackpad" >
50-->src/main/AndroidManifest.xml:31:9-55
51        <activity
51-->src/main/AndroidManifest.xml:33:9-78
52            android:name="com.example.bluetoothtrackpad.SettingsActivity"
52-->src/main/AndroidManifest.xml:33:19-51
53            android:exported="true" />
53-->src/main/AndroidManifest.xml:33:52-75
54        <activity
54-->src/main/AndroidManifest.xml:34:9-172
55            android:name="com.example.bluetoothtrackpad.LayoutEditorActivity"
55-->src/main/AndroidManifest.xml:34:19-55
56            android:exported="false"
56-->src/main/AndroidManifest.xml:34:56-80
57            android:screenOrientation="landscape"
57-->src/main/AndroidManifest.xml:34:132-169
58            android:theme="@style/Theme.AppCompat.NoActionBar" />
58-->src/main/AndroidManifest.xml:34:81-131
59        <activity
59-->src/main/AndroidManifest.xml:35:9-44:20
60            android:name="com.example.bluetoothtrackpad.MainActivity"
60-->src/main/AndroidManifest.xml:36:13-41
61            android:configChanges="orientation|screenSize|keyboardHidden"
61-->src/main/AndroidManifest.xml:37:13-74
62            android:exported="true" >
62-->src/main/AndroidManifest.xml:38:13-36
63            <intent-filter>
63-->src/main/AndroidManifest.xml:39:13-43:29
64                <action android:name="android.intent.action.MAIN" />
64-->src/main/AndroidManifest.xml:40:17-69
64-->src/main/AndroidManifest.xml:40:25-66
65
66                <category android:name="android.intent.category.LAUNCHER" />
66-->src/main/AndroidManifest.xml:42:17-77
66-->src/main/AndroidManifest.xml:42:27-74
67            </intent-filter>
68        </activity>
69
70        <service
70-->src/main/AndroidManifest.xml:45:9-120
71            android:name="com.example.bluetoothtrackpad.HidService"
71-->src/main/AndroidManifest.xml:45:18-44
72            android:exported="false"
72-->src/main/AndroidManifest.xml:45:93-117
73            android:foregroundServiceType="connectedDevice" />
73-->src/main/AndroidManifest.xml:45:45-92
74
75        <provider
75-->[androidx.emoji2:emoji2:1.3.0] AndroidManifest.xml:24:9-32:20
76            android:name="androidx.startup.InitializationProvider"
76-->[androidx.emoji2:emoji2:1.3.0] AndroidManifest.xml:25:13-67
77            android:authorities="com.example.bluetoothtrackpad.androidx-startup"
77-->[androidx.emoji2:emoji2:1.3.0] AndroidManifest.xml:26:13-68
78            android:exported="false" >
78-->[androidx.emoji2:emoji2:1.3.0] AndroidManifest.xml:27:13-37
79            <meta-data
79-->[androidx.emoji2:emoji2:1.3.0] AndroidManifest.xml:29:13-31:52
80                android:name="androidx.emoji2.text.EmojiCompatInitializer"
80-->[androidx.emoji2:emoji2:1.3.0] AndroidManifest.xml:30:17-75
81                android:value="androidx.startup" />
81-->[androidx.emoji2:emoji2:1.3.0] AndroidManifest.xml:31:17-49
82            <meta-data
82-->[androidx.lifecycle:lifecycle-process:2.6.2] AndroidManifest.xml:29:13-31:52
83                android:name="androidx.lifecycle.ProcessLifecycleInitializer"
83-->[androidx.lifecycle:lifecycle-process:2.6.2] AndroidManifest.xml:30:17-78
84                android:value="androidx.startup" />
84-->[androidx.lifecycle:lifecycle-process:2.6.2] AndroidManifest.xml:31:17-49
85            <meta-data
85-->[androidx.profileinstaller:profileinstaller:1.3.1] AndroidManifest.xml:29:13-31:52
86                android:name="androidx.profileinstaller.ProfileInstallerInitializer"
86-->[androidx.profileinstaller:profileinstaller:1.3.1] AndroidManifest.xml:30:17-85
87                android:value="androidx.startup" />
87-->[androidx.profileinstaller:profileinstaller:1.3.1] AndroidManifest.xml:31:17-49
88        </provider>
89
90        <receiver
90-->[androidx.profileinstaller:profileinstaller:1.3.1] AndroidManifest.xml:34:9-52:20
91            android:name="androidx.profileinstaller.ProfileInstallReceiver"
91-->[androidx.profileinstaller:profileinstaller:1.3.1] AndroidManifest.xml:35:13-76
92            android:directBootAware="false"
92-->[androidx.profileinstaller:profileinstaller:1.3.1] AndroidManifest.xml:36:13-44
93            android:enabled="true"
93-->[androidx.profileinstaller:profileinstaller:1.3.1] AndroidManifest.xml:37:13-35
94            android:exported="true"
94-->[androidx.profileinstaller:profileinstaller:1.3.1] AndroidManifest.xml:38:13-36
95            android:permission="android.permission.DUMP" >
95-->[androidx.profileinstaller:profileinstaller:1.3.1] AndroidManifest.xml:39:13-57
96            <intent-filter>
96-->[androidx.profileinstaller:profileinstaller:1.3.1] AndroidManifest.xml:40:13-42:29
97                <action android:name="androidx.profileinstaller.action.INSTALL_PROFILE" />
97-->[androidx.profileinstaller:profileinstaller:1.3.1] AndroidManifest.xml:41:17-91
97-->[androidx.profileinstaller:profileinstaller:1.3.1] AndroidManifest.xml:41:25-88
98            </intent-filter>
99            <intent-filter>
99-->[androidx.profileinstaller:profileinstaller:1.3.1] AndroidManifest.xml:43:13-45:29
100                <action android:name="androidx.profileinstaller.action.SKIP_FILE" />
100-->[androidx.profileinstaller:profileinstaller:1.3.1] AndroidManifest.xml:44:17-85
100-->[androidx.profileinstaller:profileinstaller:1.3.1] AndroidManifest.xml:44:25-82
101            </intent-filter>
102            <intent-filter>
102-->[androidx.profileinstaller:profileinstaller:1.3.1] AndroidManifest.xml:46:13-48:29
103                <action android:name="androidx.profileinstaller.action.SAVE_PROFILE" />
103-->[androidx.profileinstaller:profileinstaller:1.3.1] AndroidManifest.xml:47:17-88
103-->[androidx.profileinstaller:profileinstaller:1.3.1] AndroidManifest.xml:47:25-85
104            </intent-filter>
105            <intent-filter>
105-->[androidx.profileinstaller:profileinstaller:1.3.1] AndroidManifest.xml:49:13-51:29
106                <action android:name="androidx.profileinstaller.action.BENCHMARK_OPERATION" />
106-->[androidx.profileinstaller:profileinstaller:1.3.1] AndroidManifest.xml:50:17-95
106-->[androidx.profileinstaller:profileinstaller:1.3.1] AndroidManifest.xml:50:25-92
107            </intent-filter>
108        </receiver>
109    </application>
110
111</manifest>